<?xml version="1.0" encoding="UTF-8"?>
<testsuite xmlns:xsi="http://www.w3.org/2001/XMLSchema-instance" xsi:noNamespaceSchemaLocation="https://maven.apache.org/surefire/maven-surefire-plugin/xsd/surefire-test-report.xsd" name="TestSuite" time="5.352" tests="0" errors="0" skipped="0" failures="0">
  <properties>
    <property name="java.specification.version" value="17"/>
    <property name="sun.jnu.encoding" value="UTF-8"/>
    <property name="java.class.path" value="/Users/libby/eclipse-workspace/seleniumJava/target/test-classes:/Users/libby/eclipse-workspace/seleniumJava/target/classes:/Users/libby/.m2/repository/junit/junit/4.11/junit-4.11.jar:/Users/libby/.m2/repository/org/hamcrest/hamcrest-core/1.3/hamcrest-core-1.3.jar:/Users/libby/.m2/repository/org/seleniumhq/selenium/selenium-java/3.141.59/selenium-java-3.141.59.jar:/Users/libby/.m2/repository/org/seleniumhq/selenium/selenium-api/3.141.59/selenium-api-3.141.59.jar:/Users/libby/.m2/repository/org/seleniumhq/selenium/selenium-chrome-driver/3.141.59/selenium-chrome-driver-3.141.59.jar:/Users/libby/.m2/repository/org/seleniumhq/selenium/selenium-edge-driver/3.141.59/selenium-edge-driver-3.141.59.jar:/Users/libby/.m2/repository/org/seleniumhq/selenium/selenium-firefox-driver/3.141.59/selenium-firefox-driver-3.141.59.jar:/Users/libby/.m2/repository/org/seleniumhq/selenium/selenium-ie-driver/3.141.59/selenium-ie-driver-3.141.59.jar:/Users/libby/.m2/repository/org/seleniumhq/selenium/selenium-opera-driver/3.141.59/selenium-opera-driver-3.141.59.jar:/Users/libby/.m2/repository/org/seleniumhq/selenium/selenium-remote-driver/3.141.59/selenium-remote-driver-3.141.59.jar:/Users/libby/.m2/repository/org/seleniumhq/selenium/selenium-safari-driver/3.141.59/selenium-safari-driver-3.141.59.jar:/Users/libby/.m2/repository/org/seleniumhq/selenium/selenium-support/3.141.59/selenium-support-3.141.59.jar:/Users/libby/.m2/repository/net/bytebuddy/byte-buddy/1.8.15/byte-buddy-1.8.15.jar:/Users/libby/.m2/repository/org/apache/commons/commons-exec/1.3/commons-exec-1.3.jar:/Users/libby/.m2/repository/com/google/guava/guava/25.0-jre/guava-25.0-jre.jar:/Users/libby/.m2/repository/com/google/code/findbugs/jsr305/1.3.9/jsr305-1.3.9.jar:/Users/libby/.m2/repository/org/checkerframework/checker-compat-qual/2.0.0/checker-compat-qual-2.0.0.jar:/Users/libby/.m2/repository/com/google/errorprone/error_prone_annotations/2.1.3/error_prone_annotations-2.1.3.jar:/Users/libby/.m2/repository/com/google/j2objc/j2objc-annotations/1.1/j2objc-annotations-1.1.jar:/Users/libby/.m2/repository/org/codehaus/mojo/animal-sniffer-annotations/1.14/animal-sniffer-annotations-1.14.jar:/Users/libby/.m2/repository/com/squareup/okhttp3/okhttp/3.11.0/okhttp-3.11.0.jar:/Users/libby/.m2/repository/com/squareup/okio/okio/1.14.0/okio-1.14.0.jar:/Users/libby/.m2/repository/org/testng/testng/6.9.10/testng-6.9.10.jar:/Users/libby/.m2/repository/com/beust/jcommander/1.48/jcommander-1.48.jar:/Users/libby/.m2/repository/org/beanshell/bsh/2.0b4/bsh-2.0b4.jar:/Users/libby/.m2/repository/log4j/log4j/1.2.17/log4j-1.2.17.jar:/Users/libby/.m2/repository/org/apache/poi/poi/3.15/poi-3.15.jar:/Users/libby/.m2/repository/commons-codec/commons-codec/1.10/commons-codec-1.10.jar:/Users/libby/.m2/repository/org/apache/commons/commons-collections4/4.1/commons-collections4-4.1.jar:/Users/libby/.m2/repository/org/apache/poi/poi-ooxml/3.15/poi-ooxml-3.15.jar:/Users/libby/.m2/repository/org/apache/poi/poi-ooxml-schemas/3.15/poi-ooxml-schemas-3.15.jar:/Users/libby/.m2/repository/org/apache/xmlbeans/xmlbeans/2.6.0/xmlbeans-2.6.0.jar:/Users/libby/.m2/repository/stax/stax-api/1.0.1/stax-api-1.0.1.jar:/Users/libby/.m2/repository/com/github/virtuald/curvesapi/1.04/curvesapi-1.04.jar:/Users/libby/.m2/repository/com/aventstack/extentreports/3.1.5/extentreports-3.1.5.jar:/Users/libby/.m2/repository/org/freemarker/freemarker/2.3.23/freemarker-2.3.23.jar:/Users/libby/.m2/repository/org/mongodb/mongodb-driver/3.3.0/mongodb-driver-3.3.0.jar:/Users/libby/.m2/repository/org/mongodb/bson/3.3.0/bson-3.3.0.jar:/Users/libby/.m2/repository/org/mongodb/mongodb-driver-core/3.3.0/mongodb-driver-core-3.3.0.jar:/Users/libby/.m2/repository/org/apache/httpcomponents/httpclient/4.5.2/httpclient-4.5.2.jar:/Users/libby/.m2/repository/org/apache/httpcomponents/httpcore/4.4.4/httpcore-4.4.4.jar:/Users/libby/.m2/repository/commons-logging/commons-logging/1.2/commons-logging-1.2.jar:/Users/libby/.m2/repository/org/apache/httpcomponents/httpmime/4.5.2/httpmime-4.5.2.jar:/Users/libby/.m2/repository/org/jsoup/jsoup/1.9.2/jsoup-1.9.2.jar:/Users/libby/.m2/repository/com/google/code/gson/gson/2.8.0/gson-2.8.0.jar:"/>
    <property name="java.vm.vendor" value="Eclipse Adoptium"/>
    <property name="sun.arch.data.model" value="64"/>
    <property name="java.vendor.url" value="https://adoptium.net/"/>
    <property name="os.name" value="Mac OS X"/>
    <property name="java.vm.specification.version" value="17"/>
    <property name="sun.java.launcher" value="SUN_STANDARD"/>
    <property name="user.country" value="CA"/>
    <property name="sun.boot.library.path" value="/Users/libby/.p2/pool/plugins/org.eclipse.justj.openjdk.hotspot.jre.full.macosx.x86_64_17.0.8.v20230831-1047/jre/lib"/>
    <property name="sun.java.command" value="/Users/libby/eclipse-workspace/seleniumJava/target/surefire/surefirebooter15843672015864512542.jar /Users/libby/eclipse-workspace/seleniumJava/target/surefire 2023-10-03T22-27-33_626-jvmRun1 surefire8503967210246934752tmp surefire_09580791340625014898tmp"/>
    <property name="http.nonProxyHosts" value="local|*.local|169.254/16|*.169.254/16"/>
    <property name="jdk.debug" value="release"/>
    <property name="surefire.test.class.path" value="/Users/libby/eclipse-workspace/seleniumJava/target/test-classes:/Users/libby/eclipse-workspace/seleniumJava/target/classes:/Users/libby/.m2/repository/junit/junit/4.11/junit-4.11.jar:/Users/libby/.m2/repository/org/hamcrest/hamcrest-core/1.3/hamcrest-core-1.3.jar:/Users/libby/.m2/repository/org/seleniumhq/selenium/selenium-java/3.141.59/selenium-java-3.141.59.jar:/Users/libby/.m2/repository/org/seleniumhq/selenium/selenium-api/3.141.59/selenium-api-3.141.59.jar:/Users/libby/.m2/repository/org/seleniumhq/selenium/selenium-chrome-driver/3.141.59/selenium-chrome-driver-3.141.59.jar:/Users/libby/.m2/repository/org/seleniumhq/selenium/selenium-edge-driver/3.141.59/selenium-edge-driver-3.141.59.jar:/Users/libby/.m2/repository/org/seleniumhq/selenium/selenium-firefox-driver/3.141.59/selenium-firefox-driver-3.141.59.jar:/Users/libby/.m2/repository/org/seleniumhq/selenium/selenium-ie-driver/3.141.59/selenium-ie-driver-3.141.59.jar:/Users/libby/.m2/repository/org/seleniumhq/selenium/selenium-opera-driver/3.141.59/selenium-opera-driver-3.141.59.jar:/Users/libby/.m2/repository/org/seleniumhq/selenium/selenium-remote-driver/3.141.59/selenium-remote-driver-3.141.59.jar:/Users/libby/.m2/repository/org/seleniumhq/selenium/selenium-safari-driver/3.141.59/selenium-safari-driver-3.141.59.jar:/Users/libby/.m2/repository/org/seleniumhq/selenium/selenium-support/3.141.59/selenium-support-3.141.59.jar:/Users/libby/.m2/repository/net/bytebuddy/byte-buddy/1.8.15/byte-buddy-1.8.15.jar:/Users/libby/.m2/repository/org/apache/commons/commons-exec/1.3/commons-exec-1.3.jar:/Users/libby/.m2/repository/com/google/guava/guava/25.0-jre/guava-25.0-jre.jar:/Users/libby/.m2/repository/com/google/code/findbugs/jsr305/1.3.9/jsr305-1.3.9.jar:/Users/libby/.m2/repository/org/checkerframework/checker-compat-qual/2.0.0/checker-compat-qual-2.0.0.jar:/Users/libby/.m2/repository/com/google/errorprone/error_prone_annotations/2.1.3/error_prone_annotations-2.1.3.jar:/Users/libby/.m2/repository/com/google/j2objc/j2objc-annotations/1.1/j2objc-annotations-1.1.jar:/Users/libby/.m2/repository/org/codehaus/mojo/animal-sniffer-annotations/1.14/animal-sniffer-annotations-1.14.jar:/Users/libby/.m2/repository/com/squareup/okhttp3/okhttp/3.11.0/okhttp-3.11.0.jar:/Users/libby/.m2/repository/com/squareup/okio/okio/1.14.0/okio-1.14.0.jar:/Users/libby/.m2/repository/org/testng/testng/6.9.10/testng-6.9.10.jar:/Users/libby/.m2/repository/com/beust/jcommander/1.48/jcommander-1.48.jar:/Users/libby/.m2/repository/org/beanshell/bsh/2.0b4/bsh-2.0b4.jar:/Users/libby/.m2/repository/log4j/log4j/1.2.17/log4j-1.2.17.jar:/Users/libby/.m2/repository/org/apache/poi/poi/3.15/poi-3.15.jar:/Users/libby/.m2/repository/commons-codec/commons-codec/1.10/commons-codec-1.10.jar:/Users/libby/.m2/repository/org/apache/commons/commons-collections4/4.1/commons-collections4-4.1.jar:/Users/libby/.m2/repository/org/apache/poi/poi-ooxml/3.15/poi-ooxml-3.15.jar:/Users/libby/.m2/repository/org/apache/poi/poi-ooxml-schemas/3.15/poi-ooxml-schemas-3.15.jar:/Users/libby/.m2/repository/org/apache/xmlbeans/xmlbeans/2.6.0/xmlbeans-2.6.0.jar:/Users/libby/.m2/repository/stax/stax-api/1.0.1/stax-api-1.0.1.jar:/Users/libby/.m2/repository/com/github/virtuald/curvesapi/1.04/curvesapi-1.04.jar:/Users/libby/.m2/repository/com/aventstack/extentreports/3.1.5/extentreports-3.1.5.jar:/Users/libby/.m2/repository/org/freemarker/freemarker/2.3.23/freemarker-2.3.23.jar:/Users/libby/.m2/repository/org/mongodb/mongodb-driver/3.3.0/mongodb-driver-3.3.0.jar:/Users/libby/.m2/repository/org/mongodb/bson/3.3.0/bson-3.3.0.jar:/Users/libby/.m2/repository/org/mongodb/mongodb-driver-core/3.3.0/mongodb-driver-core-3.3.0.jar:/Users/libby/.m2/repository/org/apache/httpcomponents/httpclient/4.5.2/httpclient-4.5.2.jar:/Users/libby/.m2/repository/org/apache/httpcomponents/httpcore/4.4.4/httpcore-4.4.4.jar:/Users/libby/.m2/repository/commons-logging/commons-logging/1.2/commons-logging-1.2.jar:/Users/libby/.m2/repository/org/apache/httpcomponents/httpmime/4.5.2/httpmime-4.5.2.jar:/Users/libby/.m2/repository/org/jsoup/jsoup/1.9.2/jsoup-1.9.2.jar:/Users/libby/.m2/repository/com/google/code/gson/gson/2.8.0/gson-2.8.0.jar:"/>
    <property name="sun.cpu.endian" value="little"/>
    <property name="user.home" value="/Users/libby"/>
    <property name="user.language" value="en"/>
    <property name="java.specification.vendor" value="Oracle Corporation"/>
    <property name="java.version.date" value="2023-08-24"/>
    <property name="java.home" value="/Users/libby/.p2/pool/plugins/org.eclipse.justj.openjdk.hotspot.jre.full.macosx.x86_64_17.0.8.v20230831-1047/jre"/>
    <property name="file.separator" value="/"/>
    <property name="style.color" value="always"/>
    <property name="basedir" value="/Users/libby/eclipse-workspace/seleniumJava"/>
    <property name="java.vm.compressedOopsMode" value="Zero based"/>
    <property name="line.separator" value="&#10;"/>
    <property name="java.vm.specification.vendor" value="Oracle Corporation"/>
    <property name="java.specification.name" value="Java Platform API Specification"/>
    <property name="surefire.real.class.path" value="/Users/libby/eclipse-workspace/seleniumJava/target/surefire/surefirebooter15843672015864512542.jar"/>
    <property name="sun.management.compiler" value="HotSpot 64-Bit Tiered Compilers"/>
    <property name="ftp.nonProxyHosts" value="local|*.local|169.254/16|*.169.254/16"/>
    <property name="java.runtime.version" value="17.0.8.1+1"/>
    <property name="user.name" value="libby"/>
    <property name="path.separator" value=":"/>
    <property name="os.version" value="13.5.1"/>
    <property name="java.runtime.name" value="OpenJDK Runtime Environment"/>
    <property name="file.encoding" value="UTF-8"/>
    <property name="java.vm.name" value="OpenJDK 64-Bit Server VM"/>
    <property name="java.vendor.version" value="Temurin-17.0.8.1+1"/>
    <property name="localRepository" value="/Users/libby/.m2/repository"/>
    <property name="java.vendor.url.bug" value="https://github.com/adoptium/adoptium-support/issues"/>
    <property name="java.io.tmpdir" value="/var/folders/zz/dymqhrx95w7gc0y928xdk7x40000gn/T/"/>
    <property name="java.version" value="17.0.8.1"/>
    <property name="user.dir" value="/Users/libby/eclipse-workspace/seleniumJava"/>
    <property name="os.arch" value="x86_64"/>
    <property name="java.vm.specification.name" value="Java Virtual Machine Specification"/>
    <property name="native.encoding" value="UTF-8"/>
    <property name="java.library.path" value="/Users/libby/Library/Java/Extensions:/Library/Java/Extensions:/Network/Library/Java/Extensions:/System/Library/Java/Extensions:/usr/lib/java:."/>
    <property name="java.vm.info" value="mixed mode"/>
    <property name="java.vendor" value="Eclipse Adoptium"/>
    <property name="java.vm.version" value="17.0.8.1+1"/>
    <property name="sun.io.unicode.encoding" value="UnicodeBig"/>
    <property name="socksNonProxyHosts" value="local|*.local|169.254/16|*.169.254/16"/>
    <property name="java.class.version" value="61.0"/>
  </properties>
</testsuite>