<?xml version="1.0" encoding="UTF-8"?>
<!-- Generated by org.testng.reporters.JUnitReportReporter -->
<testsuite hostname="libbys-MacBook-Pro.local" failures="0" tests="1" name="com.ca.fortest.TryTest" time="29.877" errors="0" timestamp="6 Oct 2023 05:17:15 GMT">
  <testcase classname="com.ca.fortest.TryTest" name="fortest" time="29.877"/>
</testsuite> <!-- com.ca.fortest.TryTest -->
