<?xml version="1.0" encoding="UTF-8"?>
<!-- Generated by org.testng.reporters.JUnitReportReporter -->
<testsuite hostname="libbys-MacBook-Pro.local" failures="0" tests="1" name="com.ca.testcase.TestContributorLogin" time="78.122" errors="0" timestamp="11 Oct 2023 17:26:04 GMT">
  <testcase classname="com.ca.testcase.TestContributorLogin" name="testCorrectLogin" time="78.122"/>
</testsuite> <!-- com.ca.testcase.TestContributorLogin -->
