<?xml version="1.0" encoding="UTF-8"?>
<!-- Generated by org.testng.reporters.JUnitReportReporter -->
<testsuite hostname="libbys-MacBook-Pro.local" failures="0" tests="1" name="com.ca.testcase.TestCreatNewProj" time="52.248" errors="0" timestamp="12 Oct 2023 17:21:21 GMT">
  <testcase classname="com.ca.testcase.TestCreatNewProj" name="testCreateNewPro" time="52.248"/>
</testsuite> <!-- com.ca.testcase.TestCreatNewProj -->
