<?xml version="1.0" encoding="UTF-8"?>
<!-- Generated by org.testng.reporters.JUnitReportReporter -->
<testsuite hostname="libbys-MacBook-Pro.local" failures="0" tests="1" name="com.ca.testcase.TestBilling" time="21.526" errors="0" timestamp="12 Oct 2023 04:53:55 GMT">
  <testcase classname="com.ca.testcase.TestBilling" name="testDetails" time="21.526"/>
</testsuite> <!-- com.ca.testcase.TestBilling -->
